c:\users\akyıldız\desktop\c++ çalışmalarım\cplusplusdosyaıslemlerı\cplusplusdosyaıslemlerı\debug\cplusplusdosyaıslemlerı.pch
c:\users\akyıldız\desktop\c++ çalışmalarım\cplusplusdosyaıslemlerı\cplusplusdosyaıslemlerı\debug\vc141.pdb
c:\users\akyıldız\desktop\c++ çalışmalarım\cplusplusdosyaıslemlerı\cplusplusdosyaıslemlerı\debug\vc141.ıdb
c:\users\akyıldız\desktop\c++ çalışmalarım\cplusplusdosyaıslemlerı\cplusplusdosyaıslemlerı\debug\stdafx.obj
c:\users\akyıldız\desktop\c++ çalışmalarım\cplusplusdosyaıslemlerı\debug\cplusplusdosyaıslemlerı.exe
c:\users\akyıldız\desktop\c++ çalışmalarım\cplusplusdosyaıslemlerı\debug\cplusplusdosyaıslemlerı.ılk
c:\users\akyıldız\desktop\c++ çalışmalarım\cplusplusdosyaıslemlerı\debug\cplusplusdosyaıslemlerı.pdb
c:\users\akyıldız\desktop\c++ çalışmalarım\cplusplusdosyaislemleri\cplusplusdosyaislemleri\debug\stdafx.obj
c:\users\akyıldız\desktop\c++ çalışmalarım\cplusplusdosyaislemleri\cplusplusdosyaislemleri\debug\cplusplusdosyaislemleri.pch
c:\users\akyıldız\desktop\c++ çalışmalarım\cplusplusdosyaislemleri\cplusplusdosyaislemleri\debug\vc141.idb
c:\users\akyıldız\desktop\c++ çalışmalarım\cplusplusdosyaislemleri\cplusplusdosyaislemleri\debug\vc141.pdb
c:\users\akyıldız\desktop\c++ çalışmalarım\cplusplusdosyaislemleri\debug\cplusplusdosyaislemleri.pdb
c:\users\akyıldız\desktop\c++ çalışmalarım\cplusplusdosyaislemleri\debug\cplusplusdosyaislemleri.exe
c:\users\akyıldız\desktop\c++ çalışmalarım\cplusplusdosyaislemleri\debug\cplusplusdosyaislemleri.ilk
c:\users\akyıldız\desktop\c++ çalışmalarım\cplusplusdosyaislemleri\cplusplusdosyaislemleri\debug\cplusplu.28b4e06a.tlog\cl.command.1.tlog
c:\users\akyıldız\desktop\c++ çalışmalarım\cplusplusdosyaislemleri\cplusplusdosyaislemleri\debug\cplusplu.28b4e06a.tlog\cl.read.1.tlog
c:\users\akyıldız\desktop\c++ çalışmalarım\cplusplusdosyaislemleri\cplusplusdosyaislemleri\debug\cplusplu.28b4e06a.tlog\cl.write.1.tlog
c:\users\akyıldız\desktop\c++ çalışmalarım\cplusplusdosyaislemleri\cplusplusdosyaislemleri\debug\cplusplu.28b4e06a.tlog\link.command.1.tlog
c:\users\akyıldız\desktop\c++ çalışmalarım\cplusplusdosyaislemleri\cplusplusdosyaislemleri\debug\cplusplu.28b4e06a.tlog\link.read.1.tlog
c:\users\akyıldız\desktop\c++ çalışmalarım\cplusplusdosyaislemleri\cplusplusdosyaislemleri\debug\cplusplu.28b4e06a.tlog\link.write.1.tlog
